 X=0 Y= 0
 X=1 Y= 1
i=3 j=5
i=3 j=6
i=3 j=7
i=3 j=8
i=3 j=9
i=3 j=10
i=4 j=5
i=4 j=6
i=4 j=7
i=4 j=8
i=4 j=9
i=4 j=10
i=5 j=3
i=5 j=4
i=5 j=5
i=5 j=6
i=5 j=7
i=5 j=8
i=5 j=9
i=5 j=10
i=6 j=3
i=6 j=4
i=6 j=5
i=6 j=6
i=6 j=7
i=6 j=8
i=6 j=9
i=6 j=10
 P=3 Q=2
 0 0 0 0 0 0 0 0 0 0 0
 0 0 1 1 1 1 1 1 1 1 1
 0 1 0 1 2 2 2 2 2 2 2
 0 1 1 1 2 3 3 3 3 3 3
 0 1 2 2 2 3 4 4 4 4 4
 0 1 2 3 3 3 4 5 5 5 5
 0 1 2 3 4 4 4 5 6 6 6

 0 0 0 0 0 0 0 0 0 0 0
 0 0 1 1 1 1 1 1 1 1 1
 0 1 0 1 2 2 2 2 2 2 2
 0 1 1 1 2 3 3 3 3 3 3
 0 1 2 2 2 3 4 4 4 4 4
 0 1 2 3 3 3 4 5 5 5 5
 0 1 2 3 4 4 4 5 6 6 6
Case #1: 28
